This is pdfTeX, Version 3.1415926-2.4-1.40.13 (TeX Live 2012) (format=pdflatex 2012.6.30)  4 MAR 2013 00:00
entering extended mode
 restricted \write18 enabled.
 file:line:error style messages enabled.
 %&-line parsing enabled.
**"Problem Set 3.tex"
(./Problem Set 3.tex
LaTeX2e <2011/06/27>
Babel <v3.8m> and hyphenation patterns for english, dumylang, nohyphenation, ge
rman-x-2012-05-30, ngerman-x-2012-05-30, afrikaans, ancientgreek, ibycus, arabi
c, armenian, basque, bulgarian, catalan, pinyin, coptic, croatian, czech, danis
h, dutch, ukenglish, usenglishmax, esperanto, estonian, ethiopic, farsi, finnis
h, french, friulan, galician, german, ngerman, swissgerman, monogreek, greek, h
ungarian, icelandic, assamese, bengali, gujarati, hindi, kannada, malayalam, ma
rathi, oriya, panjabi, tamil, telugu, indonesian, interlingua, irish, italian, 
kurmanji, latin, latvian, lithuanian, mongolian, mongolianlmc, bokmal, nynorsk,
 polish, portuguese, romanian, romansh, russian, sanskrit, serbian, serbianc, s
lovak, slovenian, spanish, swedish, turkish, turkmen, ukrainian, uppersorbian, 
welsh, loaded.
(/usr/local/texlive/2012/texmf-dist/tex/latex/base/article.cls
Document Class: article 2007/10/19 v1.4h Standard LaTeX document class
(/usr/local/texlive/2012/texmf-dist/tex/latex/base/size10.clo
File: size10.clo 2007/10/19 v1.4h Standard LaTeX file (size option)
)
\c@part=\count79
\c@section=\count80
\c@subsection=\count81
\c@subsubsection=\count82
\c@paragraph=\count83
\c@subparagraph=\count84
\c@figure=\count85
\c@table=\count86
\abovecaptionskip=\skip41
\belowcaptionskip=\skip42
\bibindent=\dimen102
)
(/usr/local/texlive/2012/texmf-dist/tex/latex/amsmath/amsmath.sty
Package: amsmath 2000/07/18 v2.13 AMS math features
\@mathmargin=\skip43

For additional information on amsmath, use the `?' option.
(/usr/local/texlive/2012/texmf-dist/tex/latex/amsmath/amstext.sty
Package: amstext 2000/06/29 v2.01

(/usr/local/texlive/2012/texmf-dist/tex/latex/amsmath/amsgen.sty
File: amsgen.sty 1999/11/30 v2.0
\@emptytoks=\toks14
\ex@=\dimen103
))
(/usr/local/texlive/2012/texmf-dist/tex/latex/amsmath/amsbsy.sty
Package: amsbsy 1999/11/29 v1.2d
\pmbraise@=\dimen104
)
(/usr/local/texlive/2012/texmf-dist/tex/latex/amsmath/amsopn.sty
Package: amsopn 1999/12/14 v2.01 operator names
)
\inf@bad=\count87
LaTeX Info: Redefining \frac on input line 211.
\uproot@=\count88
\leftroot@=\count89
LaTeX Info: Redefining \overline on input line 307.
\classnum@=\count90
\DOTSCASE@=\count91
LaTeX Info: Redefining \ldots on input line 379.
LaTeX Info: Redefining \dots on input line 382.
LaTeX Info: Redefining \cdots on input line 467.
\Mathstrutbox@=\box26
\strutbox@=\box27
\big@size=\dimen105
LaTeX Font Info:    Redeclaring font encoding OML on input line 567.
LaTeX Font Info:    Redeclaring font encoding OMS on input line 568.
\macc@depth=\count92
\c@MaxMatrixCols=\count93
\dotsspace@=\muskip10
\c@parentequation=\count94
\dspbrk@lvl=\count95
\tag@help=\toks15
\row@=\count96
\column@=\count97
\maxfields@=\count98
\andhelp@=\toks16
\eqnshift@=\dimen106
\alignsep@=\dimen107
\tagshift@=\dimen108
\tagwidth@=\dimen109
\totwidth@=\dimen110
\lineht@=\dimen111
\@envbody=\toks17
\multlinegap=\skip44
\multlinetaggap=\skip45
\mathdisplay@stack=\toks18
LaTeX Info: Redefining \[ on input line 2666.
LaTeX Info: Redefining \] on input line 2667.
)
(/usr/local/texlive/2012/texmf-dist/tex/latex/graphics/graphicx.sty
Package: graphicx 1999/02/16 v1.0f Enhanced LaTeX Graphics (DPC,SPQR)

(/usr/local/texlive/2012/texmf-dist/tex/latex/graphics/keyval.sty
Package: keyval 1999/03/16 v1.13 key=value parser (DPC)
\KV@toks@=\toks19
)
(/usr/local/texlive/2012/texmf-dist/tex/latex/graphics/graphics.sty
Package: graphics 2009/02/05 v1.0o Standard LaTeX Graphics (DPC,SPQR)

(/usr/local/texlive/2012/texmf-dist/tex/latex/graphics/trig.sty
Package: trig 1999/03/16 v1.09 sin cos tan (DPC)
)
(/usr/local/texlive/2012/texmf-dist/tex/latex/latexconfig/graphics.cfg
File: graphics.cfg 2010/04/23 v1.9 graphics configuration of TeX Live
)
Package graphics Info: Driver file: pdftex.def on input line 91.

(/usr/local/texlive/2012/texmf-dist/tex/latex/pdftex-def/pdftex.def
File: pdftex.def 2011/05/27 v0.06d Graphics/color for pdfTeX

(/usr/local/texlive/2012/texmf-dist/tex/generic/oberdiek/infwarerr.sty
Package: infwarerr 2010/04/08 v1.3 Providing info/warning/error messages (HO)
)
(/usr/local/texlive/2012/texmf-dist/tex/generic/oberdiek/ltxcmds.sty
Package: ltxcmds 2011/11/09 v1.22 LaTeX kernel commands for general use (HO)
)
\Gread@gobject=\count99
))
\Gin@req@height=\dimen112
\Gin@req@width=\dimen113
)
(/usr/local/texlive/2012/texmf-dist/tex/latex/graphics/lscape.sty
Package: lscape 2000/10/22 v3.01 Landscape Pages (DPC)
)
(/usr/local/texlive/2012/texmf-dist/tex/generic/ulem/ulem.sty
\UL@box=\box28
\UL@hyphenbox=\box29
\UL@skip=\skip46
\UL@hook=\toks20
\UL@height=\dimen114
\UL@pe=\count100
\UL@pixel=\dimen115
\ULC@box=\box30
Package: ulem 2012/05/18
\ULdepth=\dimen116
)
(/usr/local/texlive/2012/texmf-dist/tex/latex/float/float.sty
Package: float 2001/11/08 v1.3d Float enhancements (AL)
\c@float@type=\count101
\float@exts=\toks21
\float@box=\box31
\@float@everytoks=\toks22
\@floatcapt=\box32
)
(/usr/local/texlive/2012/texmf-dist/tex/latex/geometry/geometry.sty
Package: geometry 2010/09/12 v5.6 Page Geometry

(/usr/local/texlive/2012/texmf-dist/tex/generic/oberdiek/ifpdf.sty
Package: ifpdf 2011/01/30 v2.3 Provides the ifpdf switch (HO)
Package ifpdf Info: pdfTeX in PDF mode is detected.
)
(/usr/local/texlive/2012/texmf-dist/tex/generic/oberdiek/ifvtex.sty
Package: ifvtex 2010/03/01 v1.5 Detect VTeX and its facilities (HO)
Package ifvtex Info: VTeX not detected.
)
(/usr/local/texlive/2012/texmf-dist/tex/generic/ifxetex/ifxetex.sty
Package: ifxetex 2010/09/12 v0.6 Provides ifxetex conditional
)
\Gm@cnth=\count102
\Gm@cntv=\count103
\c@Gm@tempcnt=\count104
\Gm@bindingoffset=\dimen117
\Gm@wd@mp=\dimen118
\Gm@odd@mp=\dimen119
\Gm@even@mp=\dimen120
\Gm@layoutwidth=\dimen121
\Gm@layoutheight=\dimen122
\Gm@layouthoffset=\dimen123
\Gm@layoutvoffset=\dimen124
\Gm@dimlist=\toks23
)
(./Problem Set 3.aux

LaTeX Warning: Label `2_1' multiply defined.

)
\openout1 = `"Problem Set 3.aux"'.

LaTeX Font Info:    Checking defaults for OML/cmm/m/it on input line 14.
LaTeX Font Info:    ... okay on input line 14.
LaTeX Font Info:    Checking defaults for T1/cmr/m/n on input line 14.
LaTeX Font Info:    ... okay on input line 14.
LaTeX Font Info:    Checking defaults for OT1/cmr/m/n on input line 14.
LaTeX Font Info:    ... okay on input line 14.
LaTeX Font Info:    Checking defaults for OMS/cmsy/m/n on input line 14.
LaTeX Font Info:    ... okay on input line 14.
LaTeX Font Info:    Checking defaults for OMX/cmex/m/n on input line 14.
LaTeX Font Info:    ... okay on input line 14.
LaTeX Font Info:    Checking defaults for U/cmr/m/n on input line 14.
LaTeX Font Info:    ... okay on input line 14.
 (/usr/local/texlive/2012/texmf-dist/tex/context/base/supp-pdf.mkii
[Loading MPS to PDF converter (version 2006.09.02).]
\scratchcounter=\count105
\scratchdimen=\dimen125
\scratchbox=\box33
\nofMPsegments=\count106
\nofMParguments=\count107
\everyMPshowfont=\toks24
\MPscratchCnt=\count108
\MPscratchDim=\dimen126
\MPnumerator=\count109
\makeMPintoPDFobject=\count110
\everyMPtoPDFconversion=\toks25
) (/usr/local/texlive/2012/texmf-dist/tex/generic/oberdiek/pdftexcmds.sty
Package: pdftexcmds 2011/11/29 v0.20 Utility functions of pdfTeX for LuaTeX (HO
)

(/usr/local/texlive/2012/texmf-dist/tex/generic/oberdiek/ifluatex.sty
Package: ifluatex 2010/03/01 v1.3 Provides the ifluatex switch (HO)
Package ifluatex Info: LuaTeX not detected.
)
Package pdftexcmds Info: LuaTeX not detected.
Package pdftexcmds Info: \pdf@primitive is available.
Package pdftexcmds Info: \pdf@ifprimitive is available.
Package pdftexcmds Info: \pdfdraftmode found.
)
(/usr/local/texlive/2012/texmf-dist/tex/latex/oberdiek/epstopdf-base.sty
Package: epstopdf-base 2010/02/09 v2.5 Base part for package epstopdf

(/usr/local/texlive/2012/texmf-dist/tex/latex/oberdiek/grfext.sty
Package: grfext 2010/08/19 v1.1 Manage graphics extensions (HO)

(/usr/local/texlive/2012/texmf-dist/tex/generic/oberdiek/kvdefinekeys.sty
Package: kvdefinekeys 2011/04/07 v1.3 Define keys (HO)
))
(/usr/local/texlive/2012/texmf-dist/tex/latex/oberdiek/kvoptions.sty
Package: kvoptions 2011/06/30 v3.11 Key value format for package options (HO)

(/usr/local/texlive/2012/texmf-dist/tex/generic/oberdiek/kvsetkeys.sty
Package: kvsetkeys 2012/04/25 v1.16 Key value parser (HO)

(/usr/local/texlive/2012/texmf-dist/tex/generic/oberdiek/etexcmds.sty
Package: etexcmds 2011/02/16 v1.5 Avoid name clashes with e-TeX commands (HO)
Package etexcmds Info: Could not find \expanded.
(etexcmds)             That can mean that you are not using pdfTeX 1.50 or
(etexcmds)             that some package has redefined \expanded.
(etexcmds)             In the latter case, load this package earlier.
)))
Package grfext Info: Graphics extension search list:
(grfext)             [.png,.pdf,.jpg,.mps,.jpeg,.jbig2,.jb2,.PNG,.PDF,.JPG,.JPE
G,.JBIG2,.JB2,.eps]
(grfext)             \AppendGraphicsExtensions on input line 452.

(/usr/local/texlive/2012/texmf-dist/tex/latex/latexconfig/epstopdf-sys.cfg
File: epstopdf-sys.cfg 2010/07/13 v1.3 Configuration of (r)epstopdf for TeX Liv
e
))
*geometry* driver: auto-detecting
*geometry* detected driver: pdftex
*geometry* verbose mode - [ preamble ] result:
* driver: pdftex
* paper: <default>
* layout: <same size as paper>
* layoutoffset:(h,v)=(0.0pt,0.0pt)
* modes: 
* h-part:(L,W,R)=(61.42856pt, 491.43787pt, 61.42857pt)
* v-part:(T,H,B)=(63.59662pt, 635.97841pt, 95.39496pt)
* \paperwidth=614.295pt
* \paperheight=794.96999pt
* \textwidth=491.43787pt
* \textheight=635.97841pt
* \oddsidemargin=-10.84143pt
* \evensidemargin=-10.84143pt
* \topmargin=-45.67337pt
* \headheight=12.0pt
* \headsep=25.0pt
* \topskip=10.0pt
* \footskip=30.0pt
* \marginparwidth=65.0pt
* \marginparsep=11.0pt
* \columnsep=10.0pt
* \skip\footins=9.0pt plus 4.0pt minus 2.0pt
* \hoffset=0.0pt
* \voffset=0.0pt
* \mag=1000
* \@twocolumnfalse
* \@twosidefalse
* \@mparswitchfalse
* \@reversemarginfalse
* (1in=72.27pt=25.4mm, 1cm=28.453pt)

<1_1.pdf, id=1, 613.33138pt x 586.35057pt>
File: 1_1.pdf Graphic file (type pdf)
 <use 1_1.pdf>
Package pdftex.def Info: 1_1.pdf used on input line 27.
(pdftex.def)             Requested size: 433.62pt x 414.54926pt.

<1_2a.pdf, id=2, 950.61717pt x 268.0198pt>
File: 1_2a.pdf Graphic file (type pdf)
 <use 1_2a.pdf>
Package pdftex.def Info: 1_2a.pdf used on input line 35.
(pdftex.def)             Requested size: 433.62pt x 122.25592pt.
 [1

{/usr/local/texlive/2012/texmf-var/fonts/map/pdftex/updmap/pdftex.map} <./1_1.p
df>]
<1_2b.pdf, id=20, 954.63248pt x 404.53937pt>
File: 1_2b.pdf Graphic file (type pdf)
 <use 1_2b.pdf>
Package pdftex.def Info: 1_2b.pdf used on input line 43.
(pdftex.def)             Requested size: 433.62pt x 183.75087pt.

<1_2c.pdf, id=21, 949.61342pt x 481.83342pt>
File: 1_2c.pdf Graphic file (type pdf)
 <use 1_2c.pdf>
Package pdftex.def Info: 1_2c.pdf used on input line 51.
(pdftex.def)             Requested size: 433.62pt x 220.02122pt.
 [2 <./1_2a.pdf> <./1_2b.pdf>] <1_3a.pdf, id=45, 950.61717pt x 571.17339pt>
File: 1_3a.pdf Graphic file (type pdf)
 <use 1_3a.pdf>
Package pdftex.def Info: 1_3a.pdf used on input line 58.
(pdftex.def)             Requested size: 433.62pt x 260.53795pt.

<1_3b.pdf, id=46, 945.59818pt x 635.4178pt>
File: 1_3b.pdf Graphic file (type pdf)
 <use 1_3b.pdf>
Package pdftex.def Info: 1_3b.pdf used on input line 66.
(pdftex.def)             Requested size: 433.62pt x 291.37463pt.
 [3 <./1_2c.pdf> <./1_3a.pdf>] [4 <./1_3b.pdf>] <1_4.pdf, id=83, 613.33138pt x 
786.77943pt>
File: 1_4.pdf Graphic file (type pdf)

<use 1_4.pdf>
Package pdftex.def Info: 1_4.pdf used on input line 78.
(pdftex.def)             Requested size: 433.62pt x 556.25227pt.
 [5] <p2_1_schem.png, id=90, 1158.53235pt x 658.54193pt>
File: p2_1_schem.png Graphic file (type png)

<use p2_1_schem.png>
Package pdftex.def Info: p2_1_schem.png used on input line 85.
(pdftex.def)             Requested size: 433.62pt x 246.48033pt.
 [6 <./1_4.pdf>]
<p2_1_dcop.png, id=103, 1051.60225pt x 597.33368pt>
File: p2_1_dcop.png Graphic file (type png)
 <use p2_1_dcop.png>
Package pdftex.def Info: p2_1_dcop.png used on input line 92.
(pdftex.def)             Requested size: 433.62pt x 246.30292pt.

[7 <./p2_1_schem.png> <./p2_1_dcop.png>]
<1_5.pdf, id=110, 613.33138pt x 786.77943pt>
File: 1_5.pdf Graphic file (type pdf)
 <use 1_5.pdf>
Package pdftex.def Info: 1_5.pdf used on input line 103.
(pdftex.def)             Requested size: 433.62pt x 556.25227pt.
 [8]
<p2_2_schem_1p.png, id=114, 799.3947pt x 598.07112pt>
File: p2_2_schem_1p.png Graphic file (type png)
 <use p2_2_schem_1p.png>
Package pdftex.def Info: p2_2_schem_1p.png used on input line 110.
(pdftex.def)             Requested size: 433.62pt x 324.41373pt.

[9 <./1_5.pdf>] <p2_2_dcop_1p.png, id=126, 799.3947pt x 598.07112pt>
File: p2_2_dcop_1p.png Graphic file (type png)

<use p2_2_dcop_1p.png>
Package pdftex.def Info: p2_2_dcop_1p.png used on input line 117.
(pdftex.def)             Requested size: 433.62pt x 324.41373pt.
 [10 <./p2_2_schem_1p.png>]
<p2_2_schem.png, id=131, 799.3947pt x 598.07112pt>
File: p2_2_schem.png Graphic file (type png)
 <use p2_2_schem.png>
Package pdftex.def Info: p2_2_schem.png used on input line 124.
(pdftex.def)             Requested size: 433.62pt x 324.41373pt.

[11 <./p2_2_dcop_1p.png>] <p2_2_dcop.png, id=136, 799.3947pt x 598.07112pt>
File: p2_2_dcop.png Graphic file (type png)

<use p2_2_dcop.png>
Package pdftex.def Info: p2_2_dcop.png used on input line 132.
(pdftex.def)             Requested size: 433.62pt x 324.41373pt.
 [12 <./p2_2_schem.png>] [13 <./p2_2_dcop.png>]
<p2_3_1.png, id=146, 1203.49625pt x 698.61pt>
File: p2_3_1.png Graphic file (type png)
 <use p2_3_1.png>
Package pdftex.def Info: p2_3_1.png used on input line 145.
(pdftex.def)             Requested size: 433.62pt x 251.7126pt.

<p2_3_2.png, id=147, 1203.49625pt x 698.61pt>
File: p2_3_2.png Graphic file (type png)
 <use p2_3_2.png>
Package pdftex.def Info: p2_3_2.png used on input line 152.
(pdftex.def)             Requested size: 433.62pt x 251.7126pt.
 [14 <./p2_3_1.png (PNG copy)>] [15 <./p2_3_2.png (PNG copy)>]
<1_6.pdf, id=156, 613.33138pt x 786.77943pt>
File: 1_6.pdf Graphic file (type pdf)
 <use 1_6.pdf>
Package pdftex.def Info: 1_6.pdf used on input line 161.
(pdftex.def)             Requested size: 433.62pt x 556.25227pt.

<p2_4_schem.png, id=157, 668.86623pt x 597.33368pt>
File: p2_4_schem.png Graphic file (type png)
 <use p2_4_schem.png>
Package pdftex.def Info: p2_4_schem.png used on input line 168.
(pdftex.def)             Requested size: 433.62pt x 387.25056pt.

[16 <./1_6.pdf>] <p2_4_dcop.png, id=169, 668.86623pt x 597.33368pt>
File: p2_4_dcop.png Graphic file (type png)

<use p2_4_dcop.png>
Package pdftex.def Info: p2_4_dcop.png used on input line 176.
(pdftex.def)             Requested size: 433.62pt x 387.25056pt.
 [17 <./p2_4_schem.png>] [18 <./p2_4_dcop.png>]
<1_7.pdf, id=178, 613.33138pt x 786.77943pt>
File: 1_7.pdf Graphic file (type pdf)
 <use 1_7.pdf>
Package pdftex.def Info: 1_7.pdf used on input line 185.
(pdftex.def)             Requested size: 433.62pt x 556.25227pt.

<p2_5_schem.png, id=179, 528.75092pt x 597.33368pt>
File: p2_5_schem.png Graphic file (type png)
 <use p2_5_schem.png>
Package pdftex.def Info: p2_5_schem.png used on input line 192.
(pdftex.def)             Requested size: 433.62pt x 489.8897pt.

[19 <./1_7.pdf>] <p2_5_dcop.png, id=193, 528.75092pt x 597.33368pt>
File: p2_5_dcop.png Graphic file (type png)

<use p2_5_dcop.png>
Package pdftex.def Info: p2_5_dcop.png used on input line 200.
(pdftex.def)             Requested size: 433.62pt x 489.8897pt.
 [20 <./p2_5_schem.png>] [21 <./p2_5_dcop.png>]
<1_8.pdf, id=202, 613.33138pt x 786.77943pt>
File: 1_8.pdf Graphic file (type pdf)
 <use 1_8.pdf>
Package pdftex.def Info: 1_8.pdf used on input line 209.
(pdftex.def)             Requested size: 433.62pt x 556.25227pt.

<p2_6_schem.png, id=203, 844.37907pt x 596.59622pt>
File: p2_6_schem.png Graphic file (type png)
 <use p2_6_schem.png>
Package pdftex.def Info: p2_6_schem.png used on input line 216.
(pdftex.def)             Requested size: 433.62pt x 306.37201pt.

[22 <./1_8.pdf>] <p2_6_dcop.png, id=215, 844.37907pt x 596.59622pt>
File: p2_6_dcop.png Graphic file (type png)

<use p2_6_dcop.png>
Package pdftex.def Info: p2_6_dcop.png used on input line 224.
(pdftex.def)             Requested size: 433.62pt x 306.37201pt.
 [23 <./p2_6_schem.png>] [24 <./p2_6_dcop.png>]
<1_9.pdf, id=224, 613.33138pt x 786.77943pt>
File: 1_9.pdf Graphic file (type pdf)
 <use 1_9.pdf>
Package pdftex.def Info: 1_9.pdf used on input line 235.
(pdftex.def)             Requested size: 433.62pt x 556.25227pt.

<1_9a.pdf, id=225, 951.62105pt x 319.21468pt>
File: 1_9a.pdf Graphic file (type pdf)
 <use 1_9a.pdf>
Package pdftex.def Info: 1_9a.pdf used on input line 242.
(pdftex.def)             Requested size: 433.62pt x 145.45721pt.
 [25 <./1_9.pdf>]
<p3_1a_schem.png, id=238, 852.11372pt x 536.14256pt>
File: p3_1a_schem.png Graphic file (type png)
 <use p3_1a_schem.png>
Package pdftex.def Info: p3_1a_schem.png used on input line 249.
(pdftex.def)             Requested size: 433.62pt x 272.83188pt.

<p3_1a_dcop.png, id=239, 852.11372pt x 536.14256pt>
File: p3_1a_dcop.png Graphic file (type png)
 <use p3_1a_dcop.png>
Package pdftex.def Info: p3_1a_dcop.png used on input line 256.
(pdftex.def)             Requested size: 433.62pt x 272.83188pt.

[26 <./1_9a.pdf> <./p3_1a_schem.png>]
<p3_1a_gain.png, id=254, 1284.8pt x 872.25874pt>
File: p3_1a_gain.png Graphic file (type png)
 <use p3_1a_gain.png>
Package pdftex.def Info: p3_1a_gain.png used on input line 263.
(pdftex.def)             Requested size: 433.62pt x 294.38127pt.
 [27 <./p3_1a_dcop.png>] <p3_1b_schem.png, id=259, 852.11372pt x 535.30222pt>
File: p3_1b_schem.png Graphic file (type png)

<use p3_1b_schem.png>
Package pdftex.def Info: p3_1b_schem.png used on input line 270.
(pdftex.def)             Requested size: 433.62pt x 272.40425pt.
 <p3_1b_dcop.png, id=260, 852.11372pt x 535.30222pt>
File: p3_1b_dcop.png Graphic file (type png)

<use p3_1b_dcop.png>
Package pdftex.def Info: p3_1b_dcop.png used on input line 277.
(pdftex.def)             Requested size: 433.62pt x 272.40425pt.
 [28 <./p3_1a_gain.png (PNG copy)> <./p3_1b_schem.png>]
<p3_1b_gain.png, id=265, 1284.8pt x 872.25874pt>
File: p3_1b_gain.png Graphic file (type png)
 <use p3_1b_gain.png>
Package pdftex.def Info: p3_1b_gain.png used on input line 284.
(pdftex.def)             Requested size: 433.62pt x 294.38127pt.

<p3_1c_schem.png, id=266, 985.72919pt x 536.14256pt>
File: p3_1c_schem.png Graphic file (type png)
 <use p3_1c_schem.png>
Package pdftex.def Info: p3_1c_schem.png used on input line 291.
(pdftex.def)             Requested size: 433.62pt x 235.84619pt.

[29 <./p3_1b_dcop.png> <./p3_1b_gain.png (PNG copy)>]
<p3_1c_dcop.png, id=271, 985.72919pt x 536.14256pt>
File: p3_1c_dcop.png Graphic file (type png)
 <use p3_1c_dcop.png>
Package pdftex.def Info: p3_1c_dcop.png used on input line 298.
(pdftex.def)             Requested size: 433.62pt x 235.84619pt.

<p3_1c_gain.png, id=272, 1284.8pt x 872.25874pt>
File: p3_1c_gain.png Graphic file (type png)
 <use p3_1c_gain.png>
Package pdftex.def Info: p3_1c_gain.png used on input line 305.
(pdftex.def)             Requested size: 433.62pt x 294.38127pt.
 [30 <./p3_1c_schem.png> <./p3_1c_dcop.png>] [31 <./p3_1c_gain.png (PNG copy)>]

<p3_2a.png, id=282, 1284.8pt x 872.25874pt>
File: p3_2a.png Graphic file (type png)
 <use p3_2a.png>
Package pdftex.def Info: p3_2a.png used on input line 321.
(pdftex.def)             Requested size: 433.62pt x 294.38127pt.

<p3_2b.png, id=283, 1284.8pt x 872.25874pt>
File: p3_2b.png Graphic file (type png)
 <use p3_2b.png>
Package pdftex.def Info: p3_2b.png used on input line 328.
(pdftex.def)             Requested size: 433.62pt x 294.38127pt.
 [32 <./p3_2a.png (PNG copy)>] <p3_2c.png, id=288, 1284.8pt x 872.25874pt>
File: p3_2c.png Graphic file (type png)
 <use p3_2c.png>
Package pdftex.def Info: p3_2c.png used on input line 335.
(pdftex.def)             Requested size: 433.62pt x 294.38127pt.
 [33 <./p3_2b.png (PNG copy)>] <1_10.pdf, id=292, 613.33138pt x 585.3878pt>
File: 1_10.pdf Graphic file (type pdf)

<use 1_10.pdf>
Package pdftex.def Info: 1_10.pdf used on input line 344.
(pdftex.def)             Requested size: 433.62pt x 413.86858pt.
 [34 <./p3_2c.png (PNG copy)>]
<p3_3a.png, id=296, 1284.8pt x 872.25874pt>
File: p3_3a.png Graphic file (type png)
 <use p3_3a.png>
Package pdftex.def Info: p3_3a.png used on input line 351.
(pdftex.def)             Requested size: 433.62pt x 294.38127pt.
 [35 <./1_10.pdf>]
<p3_3b.png, id=308, 1284.8pt x 872.25874pt>
File: p3_3b.png Graphic file (type png)
 <use p3_3b.png>
Package pdftex.def Info: p3_3b.png used on input line 358.
(pdftex.def)             Requested size: 433.62pt x 294.38127pt.
 [36 <./p3_3a.png (PNG copy)>] <p3_3c.png, id=312, 1284.8pt x 872.25874pt>
File: p3_3c.png Graphic file (type png)
 <use p3_3c.png>
Package pdftex.def Info: p3_3c.png used on input line 365.
(pdftex.def)             Requested size: 433.62pt x 294.38127pt.
 [37 <./p3_3b.png (PNG copy)>] <1_11a.pdf, id=317, 946.60199pt x 203.7754pt>
File: 1_11a.pdf Graphic file (type pdf)

<use 1_11a.pdf>
Package pdftex.def Info: 1_11a.pdf used on input line 374.
(pdftex.def)             Requested size: 433.62pt x 93.34604pt.
 [38 <./p3_3c.png (PNG copy)> <./1_11a.pdf>]
<1_11.pdf, id=331, 611.70354pt x 475.69167pt>
File: 1_11.pdf Graphic file (type pdf)
 <use 1_11.pdf>
Package pdftex.def Info: 1_11.pdf used on input line 385.
(pdftex.def)             Requested size: 433.62pt x 337.20631pt.

<p3_5_schem.png, id=332, 815.13837pt x 534.46185pt>
File: p3_5_schem.png Graphic file (type png)
 <use p3_5_schem.png>
Package pdftex.def Info: p3_5_schem.png used on input line 392.
(pdftex.def)             Requested size: 433.62pt x 284.31544pt.

[39 <./1_11.pdf>] [40 <./p3_5_schem.png>] (./Problem Set 3.aux)

LaTeX Warning: There were multiply-defined labels.

 ) 
Here is how much of TeX's memory you used:
 2991 strings out of 493488
 40910 string characters out of 3141326
 102656 words of memory out of 3000000
 6223 multiletter control sequences out of 15000+200000
 8821 words of font info for 33 fonts, out of 3000000 for 9000
 957 hyphenation exceptions out of 8191
 38i,6n,30p,921b,228s stack positions out of 5000i,500n,10000p,200000b,50000s
</usr/local/texlive/2012/texmf-dist/fonts/type1/public/amsfonts/cm/cmbx12.pfb
></usr/local/texlive/2012/texmf-dist/fonts/type1/public/amsfonts/cm/cmmi10.pfb>
</usr/local/texlive/2012/texmf-dist/fonts/type1/public/amsfonts/cm/cmmi7.pfb></
usr/local/texlive/2012/texmf-dist/fonts/type1/public/amsfonts/cm/cmr10.pfb></us
r/local/texlive/2012/texmf-dist/fonts/type1/public/amsfonts/cm/cmr12.pfb></usr/
local/texlive/2012/texmf-dist/fonts/type1/public/amsfonts/cm/cmr17.pfb></usr/lo
cal/texlive/2012/texmf-dist/fonts/type1/public/amsfonts/cm/cmr5.pfb></usr/local
/texlive/2012/texmf-dist/fonts/type1/public/amsfonts/cm/cmr7.pfb></usr/local/te
xlive/2012/texmf-dist/fonts/type1/public/amsfonts/cm/cmsy10.pfb></usr/local/tex
live/2012/texmf-dist/fonts/type1/public/amsfonts/cm/cmsy7.pfb>
Output written on "Problem Set 3.pdf" (40 pages, 20564765 bytes).
PDF statistics:
 384 PDF objects out of 1000 (max. 8388607)
 225 compressed objects within 3 object streams
 0 named destinations out of 1000 (max. 500000)
 231 words of extra memory for PDF output out of 10000 (max. 10000000)

